2022-11-30 16:27:50.379  INFO 7324 --- [restartedMain] c.g.UserManagementApplication            : Starting UserManagementApplication using Java 11.0.15 on GBLNB-PG0343GM with PID 7324 (C:\Users\smygapu\eclipse-workspace\UserManagement\target\classes started by smygapu in C:\Users\smygapu\eclipse-workspace\UserManagement)
2022-11-30 16:27:50.383  INFO 7324 --- [restartedMain] c.g.UserManagementApplication            : No active profile set, falling back to 1 default profile: "default"
2022-11-30 16:27:50.811  INFO 7324 --- [restartedMain] .s.d.r.c.RepositoryConfigurationDelegate : Bootstrapping Spring Data JPA repositories in DEFAULT mode.
2022-11-30 16:27:50.828  INFO 7324 --- [restartedMain] .s.d.r.c.RepositoryConfigurationDelegate : Finished Spring Data repository scanning in 14 ms. Found 2 JPA repository interfaces.
2022-11-30 16:27:50.961  INFO 7324 --- [restartedMain] o.s.b.w.embedded.tomcat.TomcatWebServer  : Tomcat initialized with port(s): 8080 (http)
2022-11-30 16:27:50.961  INFO 7324 --- [restartedMain] o.apache.catalina.core.StandardService   : Starting service [Tomcat]
2022-11-30 16:27:50.961  INFO 7324 --- [restartedMain] org.apache.catalina.core.StandardEngine  : Starting Servlet engine: [Apache Tomcat/9.0.68]
2022-11-30 16:27:50.995  INFO 7324 --- [restartedMain] o.a.c.c.C.[Tomcat-3].[localhost].[/]     : Initializing Spring embedded WebApplicationContext
2022-11-30 16:27:50.995  INFO 7324 --- [restartedMain] w.s.c.ServletWebServerApplicationContext : Root WebApplicationContext: initialization completed in 612 ms
2022-11-30 16:27:51.078  INFO 7324 --- [restartedMain] o.hibernate.jpa.internal.util.LogHelper  : HHH000204: Processing PersistenceUnitInfo [name: default]
2022-11-30 16:27:51.078  INFO 7324 --- [restartedMain] com.zaxxer.hikari.HikariDataSource       : HikariPool-9 - Starting...
2022-11-30 16:27:51.095  INFO 7324 --- [restartedMain] com.zaxxer.hikari.HikariDataSource       : HikariPool-9 - Start completed.
2022-11-30 16:27:51.102  INFO 7324 --- [restartedMain] org.hibernate.dialect.Dialect            : HHH000400: Using dialect: org.hibernate.dialect.MySQL5InnoDBDialect
2022-11-30 16:27:51.161  INFO 7324 --- [restartedMain] o.h.e.t.j.p.i.JtaPlatformInitiator       : HHH000490: Using JtaPlatform implementation: [org.hibernate.engine.transaction.jta.platform.internal.NoJtaPlatform]
2022-11-30 16:27:51.161  INFO 7324 --- [restartedMain] j.LocalContainerEntityManagerFactoryBean : Initialized JPA EntityManagerFactory for persistence unit 'default'
2022-11-30 16:27:51.328  WARN 7324 --- [restartedMain] JpaBaseConfiguration$JpaWebConfiguration : spring.jpa.open-in-view is enabled by default. Therefore, database queries may be performed during view rendering. Explicitly configure spring.jpa.open-in-view to disable this warning
2022-11-30 16:27:51.661  INFO 7324 --- [restartedMain] o.s.b.d.a.OptionalLiveReloadServer       : LiveReload server is running on port 35729
2022-11-30 16:27:51.661  INFO 7324 --- [restartedMain] o.s.b.a.e.web.EndpointLinksResolver      : Exposing 1 endpoint(s) beneath base path '/actuator'
2022-11-30 16:27:51.694  INFO 7324 --- [restartedMain] o.s.b.w.embedded.tomcat.TomcatWebServer  : Tomcat started on port(s): 8080 (http) with context path ''
2022-11-30 16:27:51.694  INFO 7324 --- [restartedMain] c.g.UserManagementApplication            : Started UserManagementApplication in 1.395 seconds (JVM running for 2189.819)
2022-11-30 16:27:51.694  INFO 7324 --- [restartedMain] .ConditionEvaluationDeltaLoggingListener : Condition evaluation delta:


==========================
CONDITION EVALUATION DELTA
==========================


Positive matches:
-----------------

   LogFileWebEndpointAutoConfiguration#logFileWebEndpoint matched:
      - Log File found logging.file.name Log/App.log (LogFileWebEndpointAutoConfiguration.LogFileCondition)
      - @ConditionalOnMissingBean (types: org.springframework.boot.actuate.logging.LogFileWebEndpoint; SearchStrategy: all) did not find any beans (OnBeanCondition)


Negative matches:
-----------------

    None


Exclusions:
-----------

    None


Unconditional classes:
----------------------

    None



2022-11-30 16:28:35.062  INFO 7324 --- [File Watcher] rtingClassPathChangeChangedEventListener : Restarting due to 1 class path change (0 additions, 0 deletions, 1 modification)
2022-11-30 16:28:35.491  INFO 7324 --- [Thread-32] o.apache.catalina.core.StandardService   : Stopping service [Tomcat]
2022-11-30 16:28:35.506  INFO 7324 --- [Thread-32] j.LocalContainerEntityManagerFactoryBean : Closing JPA EntityManagerFactory for persistence unit 'default'
2022-11-30 16:28:35.508  INFO 7324 --- [Thread-32] com.zaxxer.hikari.HikariDataSource       : HikariPool-9 - Shutdown initiated...
2022-11-30 16:28:35.512  INFO 7324 --- [Thread-32] com.zaxxer.hikari.HikariDataSource       : HikariPool-9 - Shutdown completed.
2022-11-30 16:30:58.740  INFO 30596 --- [restartedMain] c.g.UserManagementApplication            : Starting UserManagementApplication using Java 11.0.15 on GBLNB-PG0343GM with PID 30596 (C:\Users\smygapu\eclipse-workspace\UserManagement\target\classes started by smygapu in C:\Users\smygapu\eclipse-workspace\UserManagement)
2022-11-30 16:30:58.740  INFO 30596 --- [restartedMain] c.g.UserManagementApplication            : No active profile set, falling back to 1 default profile: "default"
2022-11-30 16:30:58.805  INFO 30596 --- [restartedMain] .e.DevToolsPropertyDefaultsPostProcessor : Devtools property defaults active! Set 'spring.devtools.add-properties' to 'false' to disable
2022-11-30 16:30:58.805  INFO 30596 --- [restartedMain] .e.DevToolsPropertyDefaultsPostProcessor : For additional web related logging consider setting the 'logging.level.web' property to 'DEBUG'
2022-11-30 16:31:00.889  INFO 30596 --- [restartedMain] .s.d.r.c.RepositoryConfigurationDelegate : Bootstrapping Spring Data JPA repositories in DEFAULT mode.
2022-11-30 16:31:00.986  INFO 30596 --- [restartedMain] .s.d.r.c.RepositoryConfigurationDelegate : Finished Spring Data repository scanning in 96 ms. Found 2 JPA repository interfaces.
2022-11-30 16:31:02.152  INFO 30596 --- [restartedMain] o.s.b.w.embedded.tomcat.TomcatWebServer  : Tomcat initialized with port(s): 8080 (http)
2022-11-30 16:31:02.152  INFO 30596 --- [restartedMain] o.apache.catalina.core.StandardService   : Starting service [Tomcat]
2022-11-30 16:31:02.152  INFO 30596 --- [restartedMain] org.apache.catalina.core.StandardEngine  : Starting Servlet engine: [Apache Tomcat/9.0.68]
2022-11-30 16:31:02.304  INFO 30596 --- [restartedMain] o.a.c.c.C.[Tomcat].[localhost].[/]       : Initializing Spring embedded WebApplicationContext
2022-11-30 16:31:02.304  INFO 30596 --- [restartedMain] w.s.c.ServletWebServerApplicationContext : Root WebApplicationContext: initialization completed in 3499 ms
2022-11-30 16:31:02.886  INFO 30596 --- [restartedMain] o.hibernate.jpa.internal.util.LogHelper  : HHH000204: Processing PersistenceUnitInfo [name: default]
2022-11-30 16:31:02.936  INFO 30596 --- [restartedMain] org.hibernate.Version                    : HHH000412: Hibernate ORM core version 5.6.12.Final
2022-11-30 16:31:03.083  INFO 30596 --- [restartedMain] o.hibernate.annotations.common.Version   : HCANN000001: Hibernate Commons Annotations {5.1.2.Final}
2022-11-30 16:31:03.180  INFO 30596 --- [restartedMain] com.zaxxer.hikari.HikariDataSource       : HikariPool-1 - Starting...
2022-11-30 16:31:03.430  INFO 30596 --- [restartedMain] com.zaxxer.hikari.HikariDataSource       : HikariPool-1 - Start completed.
2022-11-30 16:31:03.463  INFO 30596 --- [restartedMain] org.hibernate.dialect.Dialect            : HHH000400: Using dialect: org.hibernate.dialect.MySQL5InnoDBDialect
2022-11-30 16:31:04.281  INFO 30596 --- [restartedMain] o.h.e.t.j.p.i.JtaPlatformInitiator       : HHH000490: Using JtaPlatform implementation: [org.hibernate.engine.transaction.jta.platform.internal.NoJtaPlatform]
2022-11-30 16:31:04.298  INFO 30596 --- [restartedMain] j.LocalContainerEntityManagerFactoryBean : Initialized JPA EntityManagerFactory for persistence unit 'default'
2022-11-30 16:31:05.085  WARN 30596 --- [restartedMain] JpaBaseConfiguration$JpaWebConfiguration : spring.jpa.open-in-view is enabled by default. Therefore, database queries may be performed during view rendering. Explicitly configure spring.jpa.open-in-view to disable this warning
2022-11-30 16:31:06.685  INFO 30596 --- [restartedMain] o.s.b.d.a.OptionalLiveReloadServer       : LiveReload server is running on port 35729
2022-11-30 16:31:06.686  INFO 30596 --- [restartedMain] o.s.b.a.e.web.EndpointLinksResolver      : Exposing 1 endpoint(s) beneath base path '/actuator'
2022-11-30 16:31:06.784  INFO 30596 --- [restartedMain] o.s.b.w.embedded.tomcat.TomcatWebServer  : Tomcat started on port(s): 8080 (http) with context path ''
2022-11-30 16:31:06.818  INFO 30596 --- [restartedMain] c.g.UserManagementApplication            : Started UserManagementApplication in 8.707 seconds (JVM running for 11.144)
2022-11-30 16:32:13.187  INFO 30596 --- [http-nio-8080-exec-1] o.a.c.c.C.[Tomcat].[localhost].[/]       : Initializing Spring DispatcherServlet 'dispatcherServlet'
2022-11-30 16:32:13.187  INFO 30596 --- [http-nio-8080-exec-1] o.s.web.servlet.DispatcherServlet        : Initializing Servlet 'dispatcherServlet'
2022-11-30 16:32:13.197  INFO 30596 --- [http-nio-8080-exec-1] o.s.web.servlet.DispatcherServlet        : Completed initialization in 10 ms
2022-11-30 16:32:13.938 ERROR 30596 --- [http-nio-8080-exec-1] c.g.service.serviceImpl.UserServiceImpl  : Email already Exists
2022-11-30 16:35:27.955  INFO 30596 --- [RMI TCP Connection(2)-127.0.0.1] inMXBeanRegistrar$SpringApplicationAdmin : Application shutdown requested.
2022-11-30 16:35:28.234  INFO 30596 --- [RMI TCP Connection(2)-127.0.0.1] o.apache.catalina.core.StandardService   : Stopping service [Tomcat]
2022-11-30 16:35:28.246  INFO 30596 --- [RMI TCP Connection(2)-127.0.0.1] o.a.c.c.C.[Tomcat].[localhost].[/]       : Destroying Spring FrameworkServlet 'dispatcherServlet'
2022-11-30 16:35:28.265  INFO 30596 --- [RMI TCP Connection(2)-127.0.0.1] j.LocalContainerEntityManagerFactoryBean : Closing JPA EntityManagerFactory for persistence unit 'default'
2022-11-30 16:35:28.269  INFO 30596 --- [RMI TCP Connection(2)-127.0.0.1] com.zaxxer.hikari.HikariDataSource       : HikariPool-1 - Shutdown initiated...
2022-11-30 16:35:28.286  INFO 30596 --- [RMI TCP Connection(2)-127.0.0.1] com.zaxxer.hikari.HikariDataSource       : HikariPool-1 - Shutdown completed.
